c:\users\lucas\documents\github\supercollider\vs2013\solution\external_libraries\boost_program_options.dir\debug\vc120.pdb
c:\users\lucas\documents\github\supercollider\vs2013\solution\external_libraries\boost_program_options.dir\debug\winmain.obj
c:\users\lucas\documents\github\supercollider\vs2013\solution\external_libraries\boost_program_options.dir\debug\variables_map.obj
c:\users\lucas\documents\github\supercollider\vs2013\solution\external_libraries\boost_program_options.dir\debug\value_semantic.obj
c:\users\lucas\documents\github\supercollider\vs2013\solution\external_libraries\boost_program_options.dir\debug\utf8_codecvt_facet.obj
c:\users\lucas\documents\github\supercollider\vs2013\solution\external_libraries\boost_program_options.dir\debug\split.obj
c:\users\lucas\documents\github\supercollider\vs2013\solution\external_libraries\boost_program_options.dir\debug\positional_options.obj
c:\users\lucas\documents\github\supercollider\vs2013\solution\external_libraries\boost_program_options.dir\debug\parsers.obj
c:\users\lucas\documents\github\supercollider\vs2013\solution\external_libraries\boost_program_options.dir\debug\options_description.obj
c:\users\lucas\documents\github\supercollider\vs2013\solution\external_libraries\boost_program_options.dir\debug\convert.obj
c:\users\lucas\documents\github\supercollider\vs2013\solution\external_libraries\boost_program_options.dir\debug\config_file.obj
c:\users\lucas\documents\github\supercollider\vs2013\solution\external_libraries\boost_program_options.dir\debug\cmdline.obj
c:\users\lucas\documents\github\supercollider\vs2013\solution\external_libraries\cmakefiles\generate.stamp
c:\users\lucas\documents\github\supercollider\vs\build\external_libraries\debug\boost_program_options.lib
c:\users\lucas\documents\github\supercollider\vs2013\solution\external_libraries\debug\boost_program_options.lib
c:\users\lucas\documents\github\supercollider\vs2013\solution\\external_libraries\debug\boost_program_options.lib
c:\users\lucas\documents\github\supercollider\vs2013\solution\external_libraries\boost_program_options.dir\debug\boost_pr.5f96dad8.tlog\cl.command.1.tlog
c:\users\lucas\documents\github\supercollider\vs2013\solution\external_libraries\boost_program_options.dir\debug\boost_pr.5f96dad8.tlog\cl.read.1.tlog
c:\users\lucas\documents\github\supercollider\vs2013\solution\external_libraries\boost_program_options.dir\debug\boost_pr.5f96dad8.tlog\cl.write.1.tlog
c:\users\lucas\documents\github\supercollider\vs2013\solution\external_libraries\boost_program_options.dir\debug\boost_pr.5f96dad8.tlog\custombuild.command.1.tlog
c:\users\lucas\documents\github\supercollider\vs2013\solution\external_libraries\boost_program_options.dir\debug\boost_pr.5f96dad8.tlog\custombuild.read.1.tlog
c:\users\lucas\documents\github\supercollider\vs2013\solution\external_libraries\boost_program_options.dir\debug\boost_pr.5f96dad8.tlog\custombuild.write.1.tlog
c:\users\lucas\documents\github\supercollider\vs2013\solution\external_libraries\boost_program_options.dir\debug\boost_pr.5f96dad8.tlog\lib-link.read.1.tlog
c:\users\lucas\documents\github\supercollider\vs2013\solution\external_libraries\boost_program_options.dir\debug\boost_pr.5f96dad8.tlog\lib-link.write.1.tlog
c:\users\lucas\documents\github\supercollider\vs2013\solution\external_libraries\boost_program_options.dir\debug\boost_pr.5f96dad8.tlog\lib.command.1.tlog
