c:\users\lucas\documents\github\supercollider\vs\build\external_libraries\boost_filesystem.dir\debug\vc120.pdb
c:\users\lucas\documents\github\supercollider\vs\build\external_libraries\boost_filesystem.dir\debug\windows_file_codecvt.obj
c:\users\lucas\documents\github\supercollider\vs\build\external_libraries\boost_filesystem.dir\debug\utf8_codecvt_facet.obj
c:\users\lucas\documents\github\supercollider\vs\build\external_libraries\boost_filesystem.dir\debug\unique_path.obj
c:\users\lucas\documents\github\supercollider\vs\build\external_libraries\boost_filesystem.dir\debug\portability.obj
c:\users\lucas\documents\github\supercollider\vs\build\external_libraries\boost_filesystem.dir\debug\path_traits.obj
c:\users\lucas\documents\github\supercollider\vs\build\external_libraries\boost_filesystem.dir\debug\path.obj
c:\users\lucas\documents\github\supercollider\vs\build\external_libraries\boost_filesystem.dir\debug\operations.obj
c:\users\lucas\documents\github\supercollider\vs\build\external_libraries\boost_filesystem.dir\debug\codecvt_error_category.obj
c:\users\lucas\documents\github\supercollider\vs\build\external_libraries\cmakefiles\generate.stamp
c:\users\lucas\documents\github\supercollider\vs\build\external_libraries\debug\boost_filesystem.lib
c:\users\lucas\documents\github\supercollider\vs\build\external_libraries\boost_filesystem.dir\debug\boost_filesystem.tlog\cl.command.1.tlog
c:\users\lucas\documents\github\supercollider\vs\build\external_libraries\boost_filesystem.dir\debug\boost_filesystem.tlog\cl.read.1.tlog
c:\users\lucas\documents\github\supercollider\vs\build\external_libraries\boost_filesystem.dir\debug\boost_filesystem.tlog\cl.write.1.tlog
c:\users\lucas\documents\github\supercollider\vs\build\external_libraries\boost_filesystem.dir\debug\boost_filesystem.tlog\custombuild.command.1.tlog
c:\users\lucas\documents\github\supercollider\vs\build\external_libraries\boost_filesystem.dir\debug\boost_filesystem.tlog\custombuild.read.1.tlog
c:\users\lucas\documents\github\supercollider\vs\build\external_libraries\boost_filesystem.dir\debug\boost_filesystem.tlog\custombuild.write.1.tlog
c:\users\lucas\documents\github\supercollider\vs\build\external_libraries\boost_filesystem.dir\debug\boost_filesystem.tlog\lib-link.read.1.tlog
c:\users\lucas\documents\github\supercollider\vs\build\external_libraries\boost_filesystem.dir\debug\boost_filesystem.tlog\lib-link.write.1.tlog
c:\users\lucas\documents\github\supercollider\vs\build\external_libraries\boost_filesystem.dir\debug\boost_filesystem.tlog\lib.command.1.tlog
