Build started 2015-03-22 11:45:55 PM.
     1>Project "C:\Users\lucas\Documents\GitHub\supercollider\vs\build\external_libraries\boost_filesystem.vcxproj" on node 4 (Rebuild target(s)).
     1>CustomBuild:
         Building Custom Rule C:/Users/lucas/Documents/GitHub/supercollider/external_libraries/CMakeLists.txt
         CMake does not need to re-run because C:\Users\lucas\Documents\GitHub\supercollider\vs\build\external_libraries\CMakeFiles\generate.stamp is up-to-date.
       ClCompile:
         C:\Program Files (x86)\Microsoft Visual Studio 12.0\VC\bin\x86_amd64\CL.exe /c /IC:\Users\lucas\Documents\GitHub\supercollider\external_libraries\boost /Zi /nologo /W3 /WX- /Od /Ob0 /D WIN32 /D _WINDOWS /D _DEBUG /D WIN32_LEAN_AND_MEAN /D NOMINMAX /D _WIN32_WINNT=0x0500 /D BOOST_THREAD_USE_LIB /D BOOST_DATE_TIME_NO_LIB /D BOOST_ALL_NO_LIB /D BOOST_CHRONO_HEADER_ONLY /D _CRT_SECURE_NO_WARNINGS /D _SCL_SECURE_NO_WARNINGS /D "CMAKE_INTDIR=\"Debug\"" /D _MBCS /Gm- /EHsc /RTC1 /MDd /GS /fp:precise /Zc:wchar_t /Zc:forScope /GR /Fo"boost_filesystem.dir\Debug\\" /Fd"boost_filesystem.dir\Debug\vc120.pdb" /Gd /TP /wd4018 /wd4102 /wd4267 /wd4244 /wd4305 /wd4309 /wd4800 /wd4996 /errorReport:prompt C:\Users\lucas\Documents\GitHub\supercollider\external_libraries\boost\libs\filesystem\src\codecvt_error_category.cpp C:\Users\lucas\Documents\GitHub\supercollider\external_libraries\boost\libs\filesystem\src\operations.cpp C:\Users\lucas\Documents\GitHub\supercollider\external_libraries\boost\libs\filesystem\src\path.cpp C:\Users\lucas\Documents\GitHub\supercollider\external_libraries\boost\libs\filesystem\src\path_traits.cpp C:\Users\lucas\Documents\GitHub\supercollider\external_libraries\boost\libs\filesystem\src\portability.cpp C:\Users\lucas\Documents\GitHub\supercollider\external_libraries\boost\libs\filesystem\src\unique_path.cpp C:\Users\lucas\Documents\GitHub\supercollider\external_libraries\boost\libs\filesystem\src\utf8_codecvt_facet.cpp C:\Users\lucas\Documents\GitHub\supercollider\external_libraries\boost\libs\filesystem\src\windows_file_codecvt.cpp
         codecvt_error_category.cpp
         operations.cpp
         path.cpp
         path_traits.cpp
         portability.cpp
         unique_path.cpp
         utf8_codecvt_facet.cpp
         windows_file_codecvt.cpp
         Generating Code...
       Lib:
         C:\Program Files (x86)\Microsoft Visual Studio 12.0\VC\bin\x86_amd64\Lib.exe /OUT:"C:\Users\lucas\Documents\GitHub\supercollider\vs\build\external_libraries\Debug\boost_filesystem.lib" /NOLOGO /MACHINE:X64 boost_filesystem.dir\Debug\codecvt_error_category.obj
         boost_filesystem.dir\Debug\operations.obj
         boost_filesystem.dir\Debug\path.obj
         boost_filesystem.dir\Debug\path_traits.obj
         boost_filesystem.dir\Debug\portability.obj
         boost_filesystem.dir\Debug\unique_path.obj
         boost_filesystem.dir\Debug\utf8_codecvt_facet.obj
         boost_filesystem.dir\Debug\windows_file_codecvt.obj
         boost_filesystem.vcxproj -> C:\Users\lucas\Documents\GitHub\supercollider\vs\build\external_libraries\Debug\boost_filesystem.lib
     1>Done Building Project "C:\Users\lucas\Documents\GitHub\supercollider\vs\build\external_libraries\boost_filesystem.vcxproj" (Rebuild target(s)).

Build succeeded.

Time Elapsed 00:00:14.85
