Build started 2015-03-23 12:22:32 AM.
     1>Project "C:\Users\lucas\Documents\GitHub\supercollider\vs\build\external_libraries\boost_program_options.vcxproj" on node 3 (Rebuild target(s)).
     1>CustomBuild:
         Building Custom Rule C:/Users/lucas/Documents/GitHub/supercollider/external_libraries/CMakeLists.txt
         CMake does not need to re-run because C:\Users\lucas\Documents\GitHub\supercollider\vs\build\external_libraries\CMakeFiles\generate.stamp is up-to-date.
       ClCompile:
         C:\Program Files (x86)\Microsoft Visual Studio 12.0\VC\bin\x86_amd64\CL.exe /c /IC:\Users\lucas\Documents\GitHub\supercollider\external_libraries\boost /nologo /W3 /WX- /O2 /Ob2 /D WIN32 /D _WINDOWS /D NDEBUG /D WIN32_LEAN_AND_MEAN /D NOMINMAX /D _WIN32_WINNT=0x0500 /D BOOST_THREAD_USE_LIB /D BOOST_DATE_TIME_NO_LIB /D BOOST_ALL_NO_LIB /D BOOST_CHRONO_HEADER_ONLY /D _CRT_SECURE_NO_WARNINGS /D _SCL_SECURE_NO_WARNINGS /D "CMAKE_INTDIR=\"Release\"" /D _MBCS /Gm- /EHsc /MD /GS /fp:precise /Zc:wchar_t /Zc:forScope /GR /Fo"boost_program_options.dir\Release\\" /Fd"boost_program_options.dir\Release\vc120.pdb" /Gd /TP /wd4018 /wd4102 /wd4267 /wd4244 /wd4305 /wd4309 /wd4800 /wd4996 /errorReport:prompt C:\Users\lucas\Documents\GitHub\supercollider\external_libraries\boost\libs\program_options\src\cmdline.cpp C:\Users\lucas\Documents\GitHub\supercollider\external_libraries\boost\libs\program_options\src\config_file.cpp C:\Users\lucas\Documents\GitHub\supercollider\external_libraries\boost\libs\program_options\src\convert.cpp C:\Users\lucas\Documents\GitHub\supercollider\external_libraries\boost\libs\program_options\src\options_description.cpp C:\Users\lucas\Documents\GitHub\supercollider\external_libraries\boost\libs\program_options\src\parsers.cpp C:\Users\lucas\Documents\GitHub\supercollider\external_libraries\boost\libs\program_options\src\positional_options.cpp C:\Users\lucas\Documents\GitHub\supercollider\external_libraries\boost\libs\program_options\src\split.cpp C:\Users\lucas\Documents\GitHub\supercollider\external_libraries\boost\libs\program_options\src\utf8_codecvt_facet.cpp C:\Users\lucas\Documents\GitHub\supercollider\external_libraries\boost\libs\program_options\src\value_semantic.cpp C:\Users\lucas\Documents\GitHub\supercollider\external_libraries\boost\libs\program_options\src\variables_map.cpp C:\Users\lucas\Documents\GitHub\supercollider\external_libraries\boost\libs\program_options\src\winmain.cpp
         cmdline.cpp
         config_file.cpp
         convert.cpp
         options_description.cpp
         parsers.cpp
         positional_options.cpp
         split.cpp
         utf8_codecvt_facet.cpp
         value_semantic.cpp
         variables_map.cpp
         winmain.cpp
         Generating Code...
       Lib:
         C:\Program Files (x86)\Microsoft Visual Studio 12.0\VC\bin\x86_amd64\Lib.exe /OUT:"C:\Users\lucas\Documents\GitHub\supercollider\vs\build\external_libraries\Release\boost_program_options.lib" /NOLOGO /MACHINE:X64 boost_program_options.dir\Release\cmdline.obj
         boost_program_options.dir\Release\config_file.obj
         boost_program_options.dir\Release\convert.obj
         boost_program_options.dir\Release\options_description.obj
         boost_program_options.dir\Release\parsers.obj
         boost_program_options.dir\Release\positional_options.obj
         boost_program_options.dir\Release\split.obj
         boost_program_options.dir\Release\utf8_codecvt_facet.obj
         boost_program_options.dir\Release\value_semantic.obj
         boost_program_options.dir\Release\variables_map.obj
         boost_program_options.dir\Release\winmain.obj
         boost_program_options.vcxproj -> C:\Users\lucas\Documents\GitHub\supercollider\vs\build\external_libraries\Release\boost_program_options.lib
     1>Done Building Project "C:\Users\lucas\Documents\GitHub\supercollider\vs\build\external_libraries\boost_program_options.vcxproj" (Rebuild target(s)).

Build succeeded.

Time Elapsed 00:00:26.24
